Arguments: 
  C:\Program Files\nodejs\node.exe C:\Program Files\nodejs\node_modules\yarn\bin\yarn.js add vue-qecode-reader

PATH: 
  D:\develop\Java\jdk-1.8\bin;C:\Program Files\Common Files\Oracle\Java\javapath;C:\Program Files (x86)\Common Files\Oracle\Java\javapath;C:\Program Files (x86)\VMware\VMware Workstation\bin\;C:\Windows\system32;C:\Windows;C:\Windows\System32\Wbem;C:\Windows\System32\WindowsPowerShell\v1.0\;C:\Windows\System32\OpenSSH\;C:\Program Files\Intel\WiFi\bin\;C:\Program Files\Common Files\Intel\WirelessCommon\;C:\Program Files\Git\cmd;C:\Users\RJB-WW-029\AppData\Roaming\nvm;C:\Program Files\nodejs;C:\Program Files (x86)\Tencent\微信web开发者工具\dll;C:\Program Files\Microsoft SQL Server\150\Tools\Binn\;C:\Program Files\Microsoft SQL Server\Client SDK\ODBC\170\Tools\Binn\;C:\Program Files\dotnet\;C:\Program Files (x86)\Windows Kits\10\Windows Performance Toolkit\;D:\soft\qemu;C:\Program Files\Bandizip\;D:\Program Files\gradle-8.4\bin\;%ANDROID_SDK-ROOT%;D:\Program Files\android_sdk\cmdline-tools;D:\Program Files\android_sdk\platform-tools;D:\develop\maven\apache-maven-3.6.3\bin\;C:\Users\RJB-WW-029\AppData\Local\Microsoft\WindowsApps;C:\Users\RJB-WW-029\AppData\Local\Programs\Microsoft VS Code\bin;C:\Users\RJB-WW-029\.dotnet\tools

Yarn version: 
  1.22.19

Node version: 
  16.16.0

Platform: 
  win32 x64

Trace: 
  Error: https://registry.npmmirror.com/vue-qecode-reader: Not found
      at Request.params.callback [as _callback] (C:\Users\RJB-WW-029\AppData\Roaming\nvm\v16.16.0\node_modules\yarn\lib\cli.js:66145:18)
      at Request.self.callback (C:\Users\RJB-WW-029\AppData\Roaming\nvm\v16.16.0\node_modules\yarn\lib\cli.js:140890:22)
      at Request.emit (node:events:527:28)
      at Request.<anonymous> (C:\Users\RJB-WW-029\AppData\Roaming\nvm\v16.16.0\node_modules\yarn\lib\cli.js:141862:10)
      at Request.emit (node:events:527:28)
      at IncomingMessage.<anonymous> (C:\Users\RJB-WW-029\AppData\Roaming\nvm\v16.16.0\node_modules\yarn\lib\cli.js:141784:12)
      at Object.onceWrapper (node:events:641:28)
      at IncomingMessage.emit (node:events:539:35)
      at endReadableNT (node:internal/streams/readable:1345:12)
      at processTicksAndRejections (node:internal/process/task_queues:83:21)

npm manifest: 
  {
    "name": "vue-teamplate",
    "private": true,
    "version": "0.0.0",
    "scripts": {
      "dev": "vite",
      "build": "vue-tsc --noEmit && vite build",
      "preview": "vite preview"
    },
    "dependencies": {
      "jsqr": "^1.4.0",
      "qr-scanner-wechat": "^0.1.3",
      "vue": "^3.2.25",
      "vue-router": "^4.0.15"
    },
    "devDependencies": {
      "@types/node": "^17.0.38",
      "@vitejs/plugin-vue": "^2.3.3",
      "amfe-flexible": "^2.2.1",
      "autoprefixer": "^10.4.7",
      "postcss-pxtorem": "^6.0.0",
      "sass": "^1.52.1",
      "typescript": "^4.5.4",
      "vite": "^2.9.9",
      "vue-tsc": "^0.34.7"
    }
  }

yarn manifest: 
  No manifest

Lockfile: 
  # THIS IS AN AUTOGENERATED FILE. DO NOT EDIT THIS FILE DIRECTLY.
  # yarn lockfile v1
  
  
  "@babel/parser@^7.16.4":
    "integrity" "sha512-FDge0dFazETFcxGw/EXzOkN8uJp0PC7Qbm+Pe9T+av2zlBpOgunFHkQPPn+eRuClU73JF+98D531UgayY89tow=="
    "resolved" "https://registry.npmmirror.com/@babel/parser/-/parser-7.18.4.tgz"
    "version" "7.18.4"
  
  "@types/node@^17.0.38":
    "integrity" "sha512-5jY9RhV7c0Z4Jy09G+NIDTsCZ5G0L5n+Z+p+Y7t5VJHM30bgwzSjVtlcBxqAj+6L/swIlvtOSzr8rBk/aNyV2g=="
    "resolved" "https://registry.npmmirror.com/@types/node/-/node-17.0.38.tgz"
    "version" "17.0.38"
  
  "@vitejs/plugin-vue@^2.3.3":
    "integrity" "sha512-SmQLDyhz+6lGJhPELsBdzXGc+AcaT8stgkbiTFGpXPe8Tl1tJaBw1A6pxDqDuRsVkD8uscrkx3hA7QDOoKYtyw=="
    "resolved" "https://registry.npmmirror.com/@vitejs/plugin-vue/-/plugin-vue-2.3.3.tgz"
    "version" "2.3.3"
  
  "@volar/code-gen@0.34.17":
    "integrity" "sha512-rHR7BA71BJ/4S7xUOPMPiB7uk6iU9oTWpEMZxFi5VGC9iJmDncE82WzU5iYpcbOBCVHsOjMh0+5CGMgdO6SaPA=="
    "resolved" "https://registry.npmmirror.com/@volar/code-gen/-/code-gen-0.34.17.tgz"
    "version" "0.34.17"
    dependencies:
      "@volar/source-map" "0.34.17"
  
  "@volar/source-map@0.34.17":
    "integrity" "sha512-3yn1IMXJGGWB/G817/VFlFMi8oh5pmE7VzUqvgMZMrppaZpKj6/juvJIEiXNxRsgWc0RxIO8OSp4htdPUg1Raw=="
    "resolved" "https://registry.npmmirror.com/@volar/source-map/-/source-map-0.34.17.tgz"
    "version" "0.34.17"
  
  "@volar/vue-code-gen@0.34.17":
    "integrity" "sha512-17pzcK29fyFWUc+C82J3JYSnA+jy3QNrIldb9kPaP9Itbik05ZjEIyEue9FjhgIAuHeYSn4LDM5s6nGjxyfhsQ=="
    "resolved" "https://registry.npmmirror.com/@volar/vue-code-gen/-/vue-code-gen-0.34.17.tgz"
    "version" "0.34.17"
    dependencies:
      "@volar/code-gen" "0.34.17"
      "@volar/source-map" "0.34.17"
      "@vue/compiler-core" "^3.2.36"
      "@vue/compiler-dom" "^3.2.36"
      "@vue/shared" "^3.2.36"
  
  "@volar/vue-typescript@0.34.17":
    "integrity" "sha512-U0YSVIBPRWVPmgJHNa4nrfq88+oS+tmyZNxmnfajIw9A/GOGZQiKXHC0k09SVvbYXlsjgJ6NIjhm9NuAhGRQjg=="
    "resolved" "https://registry.npmmirror.com/@volar/vue-typescript/-/vue-typescript-0.34.17.tgz"
    "version" "0.34.17"
    dependencies:
      "@volar/code-gen" "0.34.17"
      "@volar/source-map" "0.34.17"
      "@volar/vue-code-gen" "0.34.17"
      "@vue/compiler-sfc" "^3.2.36"
      "@vue/reactivity" "^3.2.36"
  
  "@vue/compiler-core@^3.2.36", "@vue/compiler-core@3.2.36":
    "integrity" "sha512-bbyZM5hvBicv0PW3KUfVi+x3ylHnfKG7DOn5wM+f2OztTzTjLEyBb/5yrarIYpmnGitVGbjZqDbODyW4iK8hqw=="
    "resolved" "https://registry.npmmirror.com/@vue/compiler-core/-/compiler-core-3.2.36.tgz"
    "version" "3.2.36"
    dependencies:
      "@babel/parser" "^7.16.4"
      "@vue/shared" "3.2.36"
      "estree-walker" "^2.0.2"
      "source-map" "^0.6.1"
  
  "@vue/compiler-dom@^3.2.36", "@vue/compiler-dom@3.2.36":
    "integrity" "sha512-tcOTAOiW4s24QLnq+ON6J+GRONXJ+A/mqKCORi0LSlIh8XQlNnlm24y8xIL8la+ZDgkdbjarQ9ZqYSvEja6gVA=="
    "resolved" "https://registry.npmmirror.com/@vue/compiler-dom/-/compiler-dom-3.2.36.tgz"
    "version" "3.2.36"
    dependencies:
      "@vue/compiler-core" "3.2.36"
      "@vue/shared" "3.2.36"
  
  "@vue/compiler-sfc@^3.2.36", "@vue/compiler-sfc@3.2.36":
    "integrity" "sha512-AvGb4bTj4W8uQ4BqaSxo7UwTEqX5utdRSMyHy58OragWlt8nEACQ9mIeQh3K4di4/SX+41+pJrLIY01lHAOFOA=="
    "resolved" "https://registry.npmmirror.com/@vue/compiler-sfc/-/compiler-sfc-3.2.36.tgz"
    "version" "3.2.36"
    dependencies:
      "@babel/parser" "^7.16.4"
      "@vue/compiler-core" "3.2.36"
      "@vue/compiler-dom" "3.2.36"
      "@vue/compiler-ssr" "3.2.36"
      "@vue/reactivity-transform" "3.2.36"
      "@vue/shared" "3.2.36"
      "estree-walker" "^2.0.2"
      "magic-string" "^0.25.7"
      "postcss" "^8.1.10"
      "source-map" "^0.6.1"
  
  "@vue/compiler-ssr@3.2.36":
    "integrity" "sha512-+KugInUFRvOxEdLkZwE+W43BqHyhBh0jpYXhmqw1xGq2dmE6J9eZ8UUSOKNhdHtQ/iNLWWeK/wPZkVLUf3YGaw=="
    "resolved" "https://registry.npmmirror.com/@vue/compiler-ssr/-/compiler-ssr-3.2.36.tgz"
    "version" "3.2.36"
    dependencies:
      "@vue/compiler-dom" "3.2.36"
      "@vue/shared" "3.2.36"
  
  "@vue/devtools-api@^6.0.0":
    "integrity" "sha512-IiA0SvDrJEgXvVxjNkHPFfDx6SXw0b/TUkqMcDZWNg9fnCAHbTpoo59YfJ9QLFkwa3raau5vSlRVzMSLDnfdtQ=="
    "resolved" "https://registry.npmmirror.com/@vue/devtools-api/-/devtools-api-6.1.4.tgz"
    "version" "6.1.4"
  
  "@vue/reactivity-transform@3.2.36":
    "integrity" "sha512-Jk5o2BhpODC9XTA7o4EL8hSJ4JyrFWErLtClG3NH8wDS7ri9jBDWxI7/549T7JY9uilKsaNM+4pJASLj5dtRwA=="
    "resolved" "https://registry.npmmirror.com/@vue/reactivity-transform/-/reactivity-transform-3.2.36.tgz"
    "version" "3.2.36"
    dependencies:
      "@babel/parser" "^7.16.4"
      "@vue/compiler-core" "3.2.36"
      "@vue/shared" "3.2.36"
      "estree-walker" "^2.0.2"
      "magic-string" "^0.25.7"
  
  "@vue/reactivity@^3.2.36", "@vue/reactivity@3.2.36":
    "integrity" "sha512-c2qvopo0crh9A4GXi2/2kfGYMxsJW4tVILrqRPydVGZHhq0fnzy6qmclWOhBFckEhmyxmpHpdJtIRYGeKcuhnA=="
    "resolved" "https://registry.npmmirror.com/@vue/reactivity/-/reactivity-3.2.36.tgz"
    "version" "3.2.36"
    dependencies:
      "@vue/shared" "3.2.36"
  
  "@vue/runtime-core@3.2.36":
    "integrity" "sha512-PTWBD+Lub+1U3/KhbCExrfxyS14hstLX+cBboxVHaz+kXoiDLNDEYAovPtxeTutbqtClIXtft+wcGdC+FUQ9qQ=="
    "resolved" "https://registry.npmmirror.com/@vue/runtime-core/-/runtime-core-3.2.36.tgz"
    "version" "3.2.36"
    dependencies:
      "@vue/reactivity" "3.2.36"
      "@vue/shared" "3.2.36"
  
  "@vue/runtime-dom@3.2.36":
    "integrity" "sha512-gYPYblm7QXHVuBohqNRRT7Wez0f2Mx2D40rb4fleehrJU9CnkjG0phhcGEZFfGwCmHZRqBCRgbFWE98bPULqkg=="
    "resolved" "https://registry.npmmirror.com/@vue/runtime-dom/-/runtime-dom-3.2.36.tgz"
    "version" "3.2.36"
    dependencies:
      "@vue/runtime-core" "3.2.36"
      "@vue/shared" "3.2.36"
      "csstype" "^2.6.8"
  
  "@vue/server-renderer@3.2.36":
    "integrity" "sha512-uZE0+jfye6yYXWvAQYeHZv+f50sRryvy16uiqzk3jn8hEY8zTjI+rzlmZSGoE915k+W/Ol9XSw6vxOUD8dGkUg=="
    "resolved" "https://registry.npmmirror.com/@vue/server-renderer/-/server-renderer-3.2.36.tgz"
    "version" "3.2.36"
    dependencies:
      "@vue/compiler-ssr" "3.2.36"
      "@vue/shared" "3.2.36"
  
  "@vue/shared@^3.2.36", "@vue/shared@3.2.36":
    "integrity" "sha512-JtB41wXl7Au3+Nl3gD16Cfpj7k/6aCroZ6BbOiCMFCMvrOpkg/qQUXTso2XowaNqBbnkuGHurLAqkLBxNGc1hQ=="
    "resolved" "https://registry.npmmirror.com/@vue/shared/-/shared-3.2.36.tgz"
    "version" "3.2.36"
  
  "amfe-flexible@^2.2.1":
    "integrity" "sha512-L2VfvDzoETBjhRptg5u/IUuzHSuxm22JpSRb404p/TBGeRfwWmmNEbB+TFPIP/sS/+pbM18bCFH9QnMojLuPNw=="
    "resolved" "https://registry.npmmirror.com/amfe-flexible/-/amfe-flexible-2.2.1.tgz"
    "version" "2.2.1"
  
  "anymatch@~3.1.2":
    "integrity" "sha512-P43ePfOAIupkguHUycrc4qJ9kz8ZiuOUijaETwX7THt0Y/GNK7v0aa8rY816xWjZ7rJdA5XdMcpVFTKMq+RvWg=="
    "resolved" "https://registry.npmmirror.com/anymatch/-/anymatch-3.1.2.tgz"
    "version" "3.1.2"
    dependencies:
      "normalize-path" "^3.0.0"
      "picomatch" "^2.0.4"
  
  "autoprefixer@^10.4.7":
    "integrity" "sha512-ypHju4Y2Oav95SipEcCcI5J7CGPuvz8oat7sUtYj3ClK44bldfvtvcxK6IEK++7rqB7YchDGzweZIBG+SD0ZAA=="
    "resolved" "https://registry.npmmirror.com/autoprefixer/-/autoprefixer-10.4.7.tgz"
    "version" "10.4.7"
    dependencies:
      "browserslist" "^4.20.3"
      "caniuse-lite" "^1.0.30001335"
      "fraction.js" "^4.2.0"
      "normalize-range" "^0.1.2"
      "picocolors" "^1.0.0"
      "postcss-value-parser" "^4.2.0"
  
  "binary-extensions@^2.0.0":
    "integrity" "sha512-jDctJ/IVQbZoJykoeHbhXpOlNBqGNcwXJKJog42E5HDPUwQTSdjCHdihjj0DlnheQ7blbT6dHOafNAiS8ooQKA=="
    "resolved" "https://registry.npmmirror.com/binary-extensions/-/binary-extensions-2.2.0.tgz"
    "version" "2.2.0"
  
  "braces@~3.0.2":
    "integrity" "sha512-b8um+L1RzM3WDSzvhm6gIz1yfTbBt6YTlcEKAvsmqCZZFw46z626lVj9j1yEPW33H5H+lBQpZMP1k8l+78Ha0A=="
    "resolved" "https://registry.npmmirror.com/braces/-/braces-3.0.2.tgz"
    "version" "3.0.2"
    dependencies:
      "fill-range" "^7.0.1"
  
  "browserslist@^4.20.3":
    "integrity" "sha512-NBhymBQl1zM0Y5dQT/O+xiLP9/rzOIQdKM/eMJBAq7yBgaB6krIYLGejrwVYnSHZdqjscB1SPuAjHwxjvN6Wdg=="
    "resolved" "https://registry.npmmirror.com/browserslist/-/browserslist-4.20.3.tgz"
    "version" "4.20.3"
    dependencies:
      "caniuse-lite" "^1.0.30001332"
      "electron-to-chromium" "^1.4.118"
      "escalade" "^3.1.1"
      "node-releases" "^2.0.3"
      "picocolors" "^1.0.0"
  
  "caniuse-lite@^1.0.30001332", "caniuse-lite@^1.0.30001335":
    "integrity" "sha512-0ZFjnlCaXNOAYcV7i+TtdKBp0L/3XEU2MF/x6Du1lrh+SRX4IfzIVL4HNJg5pB2PmFb8rszIGyOvsZnqqRoc2g=="
    "resolved" "https://registry.npmmirror.com/caniuse-lite/-/caniuse-lite-1.0.30001344.tgz"
    "version" "1.0.30001344"
  
  "chokidar@>=3.0.0 <4.0.0":
    "integrity" "sha512-Dr3sfKRP6oTcjf2JmUmFJfeVMvXBdegxB0iVQ5eb2V10uFJUCAS8OByZdVAyVb8xXNz3GjjTgj9kLWsZTqE6kw=="
    "resolved" "https://registry.npmmirror.com/chokidar/-/chokidar-3.5.3.tgz"
    "version" "3.5.3"
    dependencies:
      "anymatch" "~3.1.2"
      "braces" "~3.0.2"
      "glob-parent" "~5.1.2"
      "is-binary-path" "~2.1.0"
      "is-glob" "~4.0.1"
      "normalize-path" "~3.0.0"
      "readdirp" "~3.6.0"
    optionalDependencies:
      "fsevents" "~2.3.2"
  
  "csstype@^2.6.8":
    "integrity" "sha512-/WwNkdXfckNgw6S5R125rrW8ez139lBHWouiBvX8dfMFtcn6V81REDqnH7+CRpRipfYlyU1CmOnOxrmGcFOjeA=="
    "resolved" "https://registry.npmmirror.com/csstype/-/csstype-2.6.20.tgz"
    "version" "2.6.20"
  
  "electron-to-chromium@^1.4.118":
    "integrity" "sha512-ea8Q1YX0JRp4GylOmX4gFHIizi0j9GfRW4EkaHnkZp0agRCBB4ZGeCv17IEzIvBkiYVwfoKVhKZJbTfqCRdQdg=="
    "resolved" "https://registry.npmmirror.com/electron-to-chromium/-/electron-to-chromium-1.4.142.tgz"
    "version" "1.4.142"
  
  "esbuild-windows-64@0.14.42":
    "integrity" "sha512-j3cdK+Y3+a5H0wHKmLGTJcq0+/2mMBHPWkItR3vytp/aUGD/ua/t2BLdfBIzbNN9nLCRL9sywCRpOpFMx3CxzA=="
    "resolved" "https://registry.npmmirror.com/esbuild-windows-64/-/esbuild-windows-64-0.14.42.tgz"
    "version" "0.14.42"
  
  "esbuild@^0.14.27":
    "integrity" "sha512-V0uPZotCEHokJdNqyozH6qsaQXqmZEOiZWrXnds/zaH/0SyrIayRXWRB98CENO73MIZ9T3HBIOsmds5twWtmgw=="
    "resolved" "https://registry.npmmirror.com/esbuild/-/esbuild-0.14.42.tgz"
    "version" "0.14.42"
    optionalDependencies:
      "esbuild-android-64" "0.14.42"
      "esbuild-android-arm64" "0.14.42"
      "esbuild-darwin-64" "0.14.42"
      "esbuild-darwin-arm64" "0.14.42"
      "esbuild-freebsd-64" "0.14.42"
      "esbuild-freebsd-arm64" "0.14.42"
      "esbuild-linux-32" "0.14.42"
      "esbuild-linux-64" "0.14.42"
      "esbuild-linux-arm" "0.14.42"
      "esbuild-linux-arm64" "0.14.42"
      "esbuild-linux-mips64le" "0.14.42"
      "esbuild-linux-ppc64le" "0.14.42"
      "esbuild-linux-riscv64" "0.14.42"
      "esbuild-linux-s390x" "0.14.42"
      "esbuild-netbsd-64" "0.14.42"
      "esbuild-openbsd-64" "0.14.42"
      "esbuild-sunos-64" "0.14.42"
      "esbuild-windows-32" "0.14.42"
      "esbuild-windows-64" "0.14.42"
      "esbuild-windows-arm64" "0.14.42"
  
  "escalade@^3.1.1":
    "integrity" "sha512-k0er2gUkLf8O0zKJiAhmkTnJlTvINGv7ygDNPbeIsX/TJjGJZHuh9B2UxbsaEkmlEo9MfhrSzmhIlhRlI2GXnw=="
    "resolved" "https://registry.npmmirror.com/escalade/-/escalade-3.1.1.tgz"
    "version" "3.1.1"
  
  "estree-walker@^2.0.2":
    "integrity" "sha512-Rfkk/Mp/DL7JVje3u18FxFujQlTNR2q6QfMSMB7AvCBx91NGj/ba3kCfza0f6dVDbw7YlRf/nDrn7pQrCCyQ/w=="
    "resolved" "https://registry.npmmirror.com/estree-walker/-/estree-walker-2.0.2.tgz"
    "version" "2.0.2"
  
  "fill-range@^7.0.1":
    "integrity" "sha512-qOo9F+dMUmC2Lcb4BbVvnKJxTPjCm+RRpe4gDuGrzkL7mEVl/djYSu2OdQ2Pa302N4oqkSg9ir6jaLWJ2USVpQ=="
    "resolved" "https://registry.npmmirror.com/fill-range/-/fill-range-7.0.1.tgz"
    "version" "7.0.1"
    dependencies:
      "to-regex-range" "^5.0.1"
  
  "fraction.js@^4.2.0":
    "integrity" "sha512-MhLuK+2gUcnZe8ZHlaaINnQLl0xRIGRfcGk2yl8xoQAfHrSsL3rYu6FCmBdkdbhc9EPlwyGHewaRsvwRMJtAlA=="
    "resolved" "https://registry.npmmirror.com/fraction.js/-/fraction.js-4.2.0.tgz"
    "version" "4.2.0"
  
  "function-bind@^1.1.1":
    "integrity" "sha512-yIovAzMX49sF8Yl58fSCWJ5svSLuaibPxXQJFLmBObTuCr0Mf1KiPopGM9NiFjiYBCbfaa2Fh6breQ6ANVTI0A=="
    "resolved" "https://registry.npmmirror.com/function-bind/-/function-bind-1.1.1.tgz"
    "version" "1.1.1"
  
  "glob-parent@~5.1.2":
    "integrity" "sha512-AOIgSQCepiJYwP3ARnGx+5VnTu2HBYdzbGP45eLw1vr3zB3vZLeyed1sC9hnbcOc9/SrMyM5RPQrkGz4aS9Zow=="
    "resolved" "https://registry.npmmirror.com/glob-parent/-/glob-parent-5.1.2.tgz"
    "version" "5.1.2"
    dependencies:
      "is-glob" "^4.0.1"
  
  "has@^1.0.3":
    "integrity" "sha512-f2dvO0VU6Oej7RkWJGrehjbzMAjFp5/VKPp5tTpWIV4JHHZK1/BxbFRtf/siA2SWTe09caDmVtYYzWEIbBS4zw=="
    "resolved" "https://registry.npmmirror.com/has/-/has-1.0.3.tgz"
    "version" "1.0.3"
    dependencies:
      "function-bind" "^1.1.1"
  
  "immutable@^4.0.0":
    "integrity" "sha512-oNkuqVTA8jqG1Q6c+UglTOD1xhC1BtjKI7XkCXRkZHrN5m18/XsnUp8Q89GkQO/z+0WjonSvl0FLhDYftp46nQ=="
    "resolved" "https://registry.npmmirror.com/immutable/-/immutable-4.1.0.tgz"
    "version" "4.1.0"
  
  "is-binary-path@~2.1.0":
    "integrity" "sha512-ZMERYes6pDydyuGidse7OsHxtbI7WVeUEozgR/g7rd0xUimYNlvZRE/K2MgZTjWy725IfelLeVcEM97mmtRGXw=="
    "resolved" "https://registry.npmmirror.com/is-binary-path/-/is-binary-path-2.1.0.tgz"
    "version" "2.1.0"
    dependencies:
      "binary-extensions" "^2.0.0"
  
  "is-core-module@^2.8.1":
    "integrity" "sha512-+5FPy5PnwmO3lvfMb0AsoPaBG+5KHUI0wYFXOtYPnVVVspTFUuMZNfNaNVRt3FZadstu2c8x23vykRW/NBoU6A=="
    "resolved" "https://registry.npmmirror.com/is-core-module/-/is-core-module-2.9.0.tgz"
    "version" "2.9.0"
    dependencies:
      "has" "^1.0.3"
  
  "is-extglob@^2.1.1":
    "integrity" "sha512-SbKbANkN603Vi4jEZv49LeVJMn4yGwsbzZworEoyEiutsN3nJYdbO36zfhGJ6QEDpOZIFkDtnq5JRxmvl3jsoQ=="
    "resolved" "https://registry.npmmirror.com/is-extglob/-/is-extglob-2.1.1.tgz"
    "version" "2.1.1"
  
  "is-glob@^4.0.1", "is-glob@~4.0.1":
    "integrity" "sha512-xelSayHH36ZgE7ZWhli7pW34hNbNl8Ojv5KVmkJD4hBdD3th8Tfk9vYasLM+mXWOZhFkgZfxhLSnrwRr4elSSg=="
    "resolved" "https://registry.npmmirror.com/is-glob/-/is-glob-4.0.3.tgz"
    "version" "4.0.3"
    dependencies:
      "is-extglob" "^2.1.1"
  
  "is-number@^7.0.0":
    "integrity" "sha512-41Cifkg6e8TylSpdtTpeLVMqvSBEVzTttHvERD741+pnZ8ANv0004MRL43QKPDlK9cGvNp6NZWZUBlbGXYxxng=="
    "resolved" "https://registry.npmmirror.com/is-number/-/is-number-7.0.0.tgz"
    "version" "7.0.0"
  
  "jsqr@^1.4.0":
    "integrity" "sha512-dxLob7q65Xg2DvstYkRpkYtmKm2sPJ9oFhrhmudT1dZvNFFTlroai3AWSpLey/w5vMcLBXRgOJsbXpdN9HzU/A=="
    "resolved" "https://registry.npmmirror.com/jsqr/-/jsqr-1.4.0.tgz"
    "version" "1.4.0"
  
  "magic-string@^0.25.7":
    "integrity" "sha512-RmF0AsMzgt25qzqqLc1+MbHmhdx0ojF2Fvs4XnOqz2ZOBXzzkEwc/dJQZCYHAn7v1jbVOjAZfK8msRn4BxO4VQ=="
    "resolved" "https://registry.npmmirror.com/magic-string/-/magic-string-0.25.9.tgz"
    "version" "0.25.9"
    dependencies:
      "sourcemap-codec" "^1.4.8"
  
  "nanoid@^3.3.7":
    "integrity" "sha512-eSRppjcPIatRIMC1U6UngP8XFcz8MQWGQdt1MTBQ7NaAmvXDfvNxbvWV3x2y6CdEUciCSsDHDQZbhYaB8QEo2g=="
    "resolved" "https://registry.npmmirror.com/nanoid/-/nanoid-3.3.7.tgz"
    "version" "3.3.7"
  
  "node-releases@^2.0.3":
    "integrity" "sha512-U9h1NLROZTq9uE1SNffn6WuPDg8icmi3ns4rEl/oTfIle4iLjTliCzgTsbaIFMq/Xn078/lfY/BL0GWZ+psK4Q=="
    "resolved" "https://registry.npmmirror.com/node-releases/-/node-releases-2.0.5.tgz"
    "version" "2.0.5"
  
  "normalize-path@^3.0.0", "normalize-path@~3.0.0":
    "integrity" "sha512-6eZs5Ls3WtCisHWp9S2GUy8dqkpGi4BVSz3GaqiE6ezub0512ESztXUwUB6C6IKbQkY2Pnb/mD4WYojCRwcwLA=="
    "resolved" "https://registry.npmmirror.com/normalize-path/-/normalize-path-3.0.0.tgz"
    "version" "3.0.0"
  
  "normalize-range@^0.1.2":
    "integrity" "sha512-bdok/XvKII3nUpklnV6P2hxtMNrCboOjAcyBuQnWEhO665FwrSNRxU+AqpsyvO6LgGYPspN+lu5CLtw4jPRKNA=="
    "resolved" "https://registry.npmmirror.com/normalize-range/-/normalize-range-0.1.2.tgz"
    "version" "0.1.2"
  
  "path-parse@^1.0.7":
    "integrity" "sha512-LDJzPVEEEPR+y48z93A0Ed0yXb8pAByGWo/k5YYdYgpY2/2EsOsksJrq7lOHxryrVOn1ejG6oAp8ahvOIQD8sw=="
    "resolved" "https://registry.npmmirror.com/path-parse/-/path-parse-1.0.7.tgz"
    "version" "1.0.7"
  
  "picocolors@^1.0.0", "picocolors@^1.0.1":
    "integrity" "sha512-anP1Z8qwhkbmu7MFP5iTt+wQKXgwzf7zTyGlcdzabySa9vd0Xt392U0rVmz9poOaBj0uHJKyyo9/upk0HrEQew=="
    "resolved" "https://registry.npmmirror.com/picocolors/-/picocolors-1.0.1.tgz"
    "version" "1.0.1"
  
  "picomatch@^2.0.4", "picomatch@^2.2.1":
    "integrity" "sha512-JU3teHTNjmE2VCGFzuY8EXzCDVwEqB2a8fsIvwaStHhAWJEeVd1o1QD80CU6+ZdEXXSLbSsuLwJjkCBWqRQUVA=="
    "resolved" "https://registry.npmmirror.com/picomatch/-/picomatch-2.3.1.tgz"
    "version" "2.3.1"
  
  "postcss-pxtorem@^6.0.0":
    "integrity" "sha512-ZRXrD7MLLjLk2RNGV6UA4f5Y7gy+a/j1EqjAfp9NdcNYVjUMvg5HTYduTjSkKBkRkfqbg/iKrjMO70V4g1LZeg=="
    "resolved" "https://registry.npmmirror.com/postcss-pxtorem/-/postcss-pxtorem-6.0.0.tgz"
    "version" "6.0.0"
  
  "postcss-value-parser@^4.2.0":
    "integrity" "sha512-1NNCs6uurfkVbeXG4S8JFT9t19m45ICnif8zWLd5oPSZ50QnwMfK+H3jv408d4jw/7Bttv5axS5IiHoLaVNHeQ=="
    "resolved" "https://registry.npmmirror.com/postcss-value-parser/-/postcss-value-parser-4.2.0.tgz"
    "version" "4.2.0"
  
  "postcss@^8.0.0", "postcss@^8.1.0", "postcss@^8.1.10", "postcss@^8.4.13":
    "integrity" "sha512-0vzE+lAiG7hZl1/9I8yzKLx3aR9Xbof3fBHKunvMfOCYAtMhrsnccJY2iTURb9EZd5+pLuiNV9/c/GZJOHsgIw=="
    "resolved" "https://registry.npmmirror.com/postcss/-/postcss-8.4.39.tgz"
    "version" "8.4.39"
    dependencies:
      "nanoid" "^3.3.7"
      "picocolors" "^1.0.1"
      "source-map-js" "^1.2.0"
  
  "qr-scanner-wechat@^0.1.3":
    "integrity" "sha512-d2dfaXjcgNDxaSweEljvJl6cOIMbXeyW8YijZDbRFUvVpJ672zt5i64lQSBgjvKVZZSSHE2KiRf2SAuiQa286A=="
    "resolved" "https://registry.npmmirror.com/qr-scanner-wechat/-/qr-scanner-wechat-0.1.3.tgz"
    "version" "0.1.3"
  
  "readdirp@~3.6.0":
    "integrity" "sha512-hOS089on8RduqdbhvQ5Z37A0ESjsqz6qnRcffsMU3495FuTdqSm+7bhJ29JvIOsBDEEnan5DPu9t3To9VRlMzA=="
    "resolved" "https://registry.npmmirror.com/readdirp/-/readdirp-3.6.0.tgz"
    "version" "3.6.0"
    dependencies:
      "picomatch" "^2.2.1"
  
  "resolve@^1.22.0":
    "integrity" "sha512-Hhtrw0nLeSrFQ7phPp4OOcVjLPIeMnRlr5mcnVuMe7M/7eBn98A3hmFRLoFo3DLZkivSYwhRUJTyPyWAk56WLw=="
    "resolved" "https://registry.npmmirror.com/resolve/-/resolve-1.22.0.tgz"
    "version" "1.22.0"
    dependencies:
      "is-core-module" "^2.8.1"
      "path-parse" "^1.0.7"
      "supports-preserve-symlinks-flag" "^1.0.0"
  
  "rollup@^2.59.0":
    "integrity" "sha512-JgZiJMJkKImMZJ8ZY1zU80Z2bA/TvrL/7D9qcBCrfl2bP+HUaIw0QHUroB4E3gBpFl6CRFM1YxGbuYGtdAswbQ=="
    "resolved" "https://registry.npmmirror.com/rollup/-/rollup-2.75.4.tgz"
    "version" "2.75.4"
    optionalDependencies:
      "fsevents" "~2.3.2"
  
  "sass@*", "sass@^1.52.1":
    "integrity" "sha512-fSzYTbr7z8oQnVJ3Acp9hV80dM1fkMN7mSD/25mpcct9F7FPBMOI8krEYALgU1aZoqGhQNhTPsuSmxjnIvAm4Q=="
    "resolved" "https://registry.npmmirror.com/sass/-/sass-1.52.1.tgz"
    "version" "1.52.1"
    dependencies:
      "chokidar" ">=3.0.0 <4.0.0"
      "immutable" "^4.0.0"
      "source-map-js" ">=0.6.2 <2.0.0"
  
  "source-map-js@^1.2.0", "source-map-js@>=0.6.2 <2.0.0":
    "integrity" "sha512-itJW8lvSA0TXEphiRoawsCksnlf8SyvmFzIhltqAHluXd88pkCd+cXJVHTDwdCr0IzwptSm035IHQktUu1QUMg=="
    "resolved" "https://registry.npmmirror.com/source-map-js/-/source-map-js-1.2.0.tgz"
    "version" "1.2.0"
  
  "source-map@^0.6.1":
    "integrity" "sha512-UjgapumWlbMhkBgzT7Ykc5YXUT46F0iKu8SGXq0bcwP5dz/h0Plj6enJqjz1Zbq2l5WaqYnrVbwWOWMyF3F47g=="
    "resolved" "https://registry.npmmirror.com/source-map/-/source-map-0.6.1.tgz"
    "version" "0.6.1"
  
  "sourcemap-codec@^1.4.8":
    "integrity" "sha512-9NykojV5Uih4lgo5So5dtw+f0JgJX30KCNI8gwhz2J9A15wD0Ml6tjHKwf6fTSa6fAdVBdZeNOs9eJ71qCk8vA=="
    "resolved" "https://registry.npmmirror.com/sourcemap-codec/-/sourcemap-codec-1.4.8.tgz"
    "version" "1.4.8"
  
  "supports-preserve-symlinks-flag@^1.0.0":
    "integrity" "sha512-ot0WnXS9fgdkgIcePe6RHNk1WA8+muPa6cSjeR3V8K27q9BB1rTE3R1p7Hv0z1ZyAc8s6Vvv8DIyWf681MAt0w=="
    "resolved" "https://registry.npmmirror.com/supports-preserve-symlinks-flag/-/supports-preserve-symlinks-flag-1.0.0.tgz"
    "version" "1.0.0"
  
  "to-regex-range@^5.0.1":
    "integrity" "sha512-65P7iz6X5yEr1cwcgvQxbbIw7Uk3gOy5dIdtZ4rDveLqhrdJP+Li/Hx6tyK0NEb+2GCyneCMJiGqrADCSNk8sQ=="
    "resolved" "https://registry.npmmirror.com/to-regex-range/-/to-regex-range-5.0.1.tgz"
    "version" "5.0.1"
    dependencies:
      "is-number" "^7.0.0"
  
  "typescript@*", "typescript@^4.5.4":
    "integrity" "sha512-Mamb1iX2FDUpcTRzltPxgWMKy3fhg0TN378ylbktPGPK/99KbDtMQ4W1hwgsbPAsG3a0xKa1vmw4VKZQbkvz5A=="
    "resolved" "https://registry.npmmirror.com/typescript/-/typescript-4.7.2.tgz"
    "version" "4.7.2"
  
  "vite@^2.5.10", "vite@^2.9.9":
    "integrity" "sha512-ffaam+NgHfbEmfw/Vuh6BHKKlI/XIAhxE5QSS7gFLIngxg171mg1P3a4LSRME0z2ZU1ScxoKzphkipcYwSD5Ew=="
    "resolved" "https://registry.npmmirror.com/vite/-/vite-2.9.9.tgz"
    "version" "2.9.9"
    dependencies:
      "esbuild" "^0.14.27"
      "postcss" "^8.4.13"
      "resolve" "^1.22.0"
      "rollup" "^2.59.0"
    optionalDependencies:
      "fsevents" "~2.3.2"
  
  "vue-router@^4.0.15":
    "integrity" "sha512-xa+pIN9ZqORdIW1MkN2+d9Ui2pCM1b/UMgwYUCZOiFYHAvz/slKKBDha8DLrh5aCG/RibtrpyhKjKOZ85tYyWg=="
    "resolved" "https://registry.npmmirror.com/vue-router/-/vue-router-4.0.15.tgz"
    "version" "4.0.15"
    dependencies:
      "@vue/devtools-api" "^6.0.0"
  
  "vue-tsc@^0.34.7":
    "integrity" "sha512-jzUXky44ZLHC4daaJag7FQr3idlPYN719/K1eObGljz5KaS2UnVGTU/XSYCd7d6ampYYg4OsyalbHyJIxV0aEQ=="
    "resolved" "https://registry.npmmirror.com/vue-tsc/-/vue-tsc-0.34.17.tgz"
    "version" "0.34.17"
    dependencies:
      "@volar/vue-typescript" "0.34.17"
  
  "vue@^3.2.0", "vue@^3.2.25", "vue@3.2.36":
    "integrity" "sha512-5yTXmrE6gW8IQgttzHW5bfBiFA6mx35ZXHjGLDmKYzW6MMmYvCwuKybANRepwkMYeXw2v1buGg3/lPICY5YlZw=="
    "resolved" "https://registry.npmmirror.com/vue/-/vue-3.2.36.tgz"
    "version" "3.2.36"
    dependencies:
      "@vue/compiler-dom" "3.2.36"
      "@vue/compiler-sfc" "3.2.36"
      "@vue/runtime-dom" "3.2.36"
      "@vue/server-renderer" "3.2.36"
      "@vue/shared" "3.2.36"
